{
  "RSpec": {
    "coverage": {
      "/Users/mluukkai/kurssirepot/ratebeer/app/models/rating.rb": [
        1,
        1,
        1,
        null,
        1,
        null,
        null,
        null,
        1,
        null,
        1,
        0,
        null,
        null
      ],
      "/Users/mluukkai/kurssirepot/ratebeer/app/helpers/application_helper.rb": [
        1,
        1,
        0,
        0,
        0,
        null,
        0,
        null,
        null,
        null,
        1,
        0,
        null,
        null
      ],
      "/Users/mluukkai/kurssirepot/ratebeer/app/helpers/beer_clubs_helper.rb": [
        1,
        null
      ],
      "/Users/mluukkai/kurssirepot/ratebeer/app/helpers/beers_helper.rb": [
        1,
        null
      ],
      "/Users/mluukkai/kurssirepot/ratebeer/app/helpers/breweries_helper.rb": [
        1,
        null
      ],
      "/Users/mluukkai/kurssirepot/ratebeer/app/helpers/memberships_helper.rb": [
        1,
        null
      ],
      "/Users/mluukkai/kurssirepot/ratebeer/app/helpers/styles_helper.rb": [
        1,
        null
      ],
      "/Users/mluukkai/kurssirepot/ratebeer/app/helpers/users_helper.rb": [
        1,
        1,
        0,
        0,
        null,
        null
      ],
      "/Users/mluukkai/kurssirepot/ratebeer/app/models/user.rb": [
        1,
        1,
        null,
        1,
        null,
        1,
        1,
        1,
        1,
        null,
        1,
        null,
        null,
        1,
        null,
        1,
        null,
        1,
        0,
        0,
        null,
        null,
        1,
        3,
        2,
        null,
        null,
        1,
        6,
        null,
        4,
        null,
        null,
        8,
        null,
        null,
        12,
        null,
        null,
        1,
        3,
        null,
        null,
        1,
        3,
        null,
        null,
        1,
        1,
        0,
        0,
        null,
        1,
        null,
        null,
        null,
        1,
        27,
        null,
        null,
        1,
        12,
        48,
        null,
        12,
        null,
        null,
        1,
        2,
        null,
        null,
        1,
        2,
        null,
        null,
        1,
        2,
        null,
        null,
        1,
        2,
        null,
        null
      ],
      "/Users/mluukkai/kurssirepot/ratebeer/app/models/concerns/rating_average.rb": [
        1,
        1,
        null,
        1,
        1,
        1,
        null,
        null
      ],
      "/Users/mluukkai/kurssirepot/ratebeer/app/models/beer.rb": [
        1,
        1,
        null,
        1,
        1,
        1,
        1,
        null,
        1,
        1,
        null,
        1,
        0,
        null,
        null,
        1,
        0,
        0,
        null,
        null
      ],
      "/Users/mluukkai/kurssirepot/ratebeer/app/models/brewery.rb": [
        1,
        1,
        null,
        1,
        1,
        22,
        null,
        1,
        1,
        null,
        1,
        1,
        null,
        1,
        0,
        0,
        null,
        null
      ],
      "/Users/mluukkai/kurssirepot/ratebeer/app/models/style.rb": [
        1,
        1,
        null,
        1,
        1,
        null,
        1,
        0,
        null,
        null,
        1,
        0,
        0,
        null,
        null
      ]
    },
    "timestamp": 1423768069
  }
}
