{
  "RSpec": {
    "coverage": {
      "/Users/mluukkai/kurssirepot/ratebeer/app/models/rating.rb": [
        1,
        1,
        1,
        null,
        1,
        null,
        null,
        null,
        1,
        22,
        null,
        null
      ],
      "/Users/mluukkai/kurssirepot/ratebeer/app/helpers/application_helper.rb": [
        1,
        null
      ],
      "/Users/mluukkai/kurssirepot/ratebeer/app/helpers/beer_clubs_helper.rb": [
        1,
        null
      ],
      "/Users/mluukkai/kurssirepot/ratebeer/app/helpers/beers_helper.rb": [
        1,
        null
      ],
      "/Users/mluukkai/kurssirepot/ratebeer/app/helpers/breweries_helper.rb": [
        1,
        null
      ],
      "/Users/mluukkai/kurssirepot/ratebeer/app/helpers/memberships_helper.rb": [
        1,
        null
      ],
      "/Users/mluukkai/kurssirepot/ratebeer/app/helpers/styles_helper.rb": [
        1,
        null
      ],
      "/Users/mluukkai/kurssirepot/ratebeer/app/helpers/users_helper.rb": [
        1,
        null
      ],
      "/Users/mluukkai/kurssirepot/ratebeer/app/models/beer.rb": [
        1,
        1,
        null,
        1,
        1,
        1,
        1,
        null,
        1,
        1,
        null,
        1,
        8,
        null,
        null
      ],
      "/Users/mluukkai/kurssirepot/ratebeer/app/models/concerns/rating_average.rb": [
        1,
        1,
        null,
        1,
        8,
        null,
        null
      ],
      "/Users/mluukkai/kurssirepot/ratebeer/app/models/beer_club.rb": [
        1,
        1,
        1,
        null
      ],
      "/Users/mluukkai/kurssirepot/ratebeer/app/controllers/beer_clubs_controller.rb": [
        1,
        1,
        1,
        null,
        null,
        null,
        1,
        0,
        null,
        null,
        null,
        null,
        1,
        0,
        0,
        null,
        0,
        0,
        null,
        null,
        null,
        null,
        1,
        0,
        null,
        null,
        null,
        1,
        null,
        null,
        null,
        null,
        1,
        0,
        null,
        0,
        0,
        0,
        0,
        null,
        0,
        0,
        null,
        null,
        null,
        null,
        null,
        null,
        1,
        0,
        0,
        0,
        0,
        null,
        0,
        0,
        null,
        null,
        null,
        null,
        null,
        null,
        1,
        0,
        0,
        0,
        0,
        null,
        null,
        null,
        1,
        null,
        1,
        0,
        null,
        null,
        null,
        1,
        0,
        null,
        null
      ],
      "/Users/mluukkai/kurssirepot/ratebeer/app/controllers/application_controller.rb": [
        1,
        null,
        null,
        1,
        null,
        1,
        null,
        1,
        113,
        79,
        null,
        null,
        1,
        4,
        null,
        null
      ],
      "/Users/mluukkai/kurssirepot/ratebeer/app/models/brewery.rb": [
        1,
        1,
        null,
        1,
        1,
        41,
        null,
        1,
        1,
        null
      ],
      "/Users/mluukkai/kurssirepot/ratebeer/app/models/user.rb": [
        1,
        1,
        null,
        1,
        null,
        1,
        1,
        1,
        1,
        null,
        1,
        null,
        null,
        1,
        null,
        1,
        null,
        1,
        9,
        8,
        null,
        null,
        1,
        9,
        8,
        null,
        null,
        12,
        null,
        null,
        20,
        null,
        null,
        1,
        9,
        8,
        null,
        null,
        17,
        null,
        null,
        25,
        null,
        null,
        1,
        32,
        null,
        null,
        1,
        33,
        null,
        null,
        1,
        14,
        49,
        null,
        14,
        null,
        null,
        1,
        19,
        71,
        null,
        19,
        null,
        null
      ],
      "/Users/mluukkai/kurssirepot/ratebeer/app/models/style.rb": [
        1,
        1,
        null,
        1,
        7,
        null,
        null
      ],
      "/Users/mluukkai/kurssirepot/ratebeer/app/controllers/sessions_controller.rb": [
        1,
        1,
        null,
        null,
        null,
        1,
        8,
        8,
        7,
        7,
        null,
        1,
        null,
        null,
        null,
        1,
        null,
        0,
        null,
        0,
        null,
        null
      ],
      "/Users/mluukkai/kurssirepot/ratebeer/app/controllers/users_controller.rb": [
        1,
        1,
        null,
        null,
        null,
        1,
        0,
        null,
        null,
        null,
        null,
        1,
        null,
        null,
        null,
        1,
        1,
        null,
        null,
        null,
        1,
        null,
        null,
        null,
        null,
        1,
        1,
        null,
        1,
        1,
        2,
        1,
        null,
        0,
        0,
        null,
        null,
        null,
        null,
        null,
        null,
        1,
        0,
        0,
        0,
        0,
        null,
        0,
        0,
        null,
        null,
        null,
        null,
        null,
        null,
        1,
        0,
        0,
        0,
        null,
        0,
        0,
        0,
        null,
        null,
        null,
        1,
        null,
        1,
        14,
        null,
        null,
        null,
        1,
        1,
        null,
        null
      ],
      "/Users/mluukkai/kurssirepot/ratebeer/app/models/membership.rb": [
        1,
        1,
        1,
        null
      ],
      "/Users/mluukkai/kurssirepot/ratebeer/app/controllers/beers_controller.rb": [
        1,
        1,
        1,
        1,
        null,
        null,
        null,
        null,
        1,
        1,
        null,
        null,
        null,
        null,
        1,
        0,
        0,
        null,
        null,
        null,
        1,
        2,
        null,
        null,
        null,
        1,
        0,
        null,
        null,
        null,
        null,
        1,
        2,
        null,
        2,
        2,
        2,
        1,
        null,
        2,
        1,
        null,
        null,
        null,
        null,
        null,
        null,
        1,
        0,
        0,
        0,
        0,
        null,
        0,
        0,
        null,
        null,
        null,
        null,
        null,
        null,
        1,
        0,
        0,
        0,
        0,
        null,
        null,
        null,
        1,
        1,
        4,
        4,
        null,
        null,
        null,
        1,
        0,
        null,
        null,
        null,
        1,
        2,
        null,
        null
      ],
      "/Users/mluukkai/kurssirepot/ratebeer/app/controllers/breweries_controller.rb": [
        1,
        1,
        1,
        null,
        null,
        null,
        1,
        3,
        null,
        null,
        null,
        null,
        1,
        null,
        null,
        null,
        1,
        0,
        null,
        null,
        null,
        1,
        null,
        null,
        null,
        null,
        1,
        0,
        null,
        0,
        0,
        0,
        0,
        null,
        0,
        0,
        null,
        null,
        null,
        null,
        null,
        null,
        1,
        0,
        0,
        0,
        0,
        null,
        0,
        0,
        null,
        null,
        null,
        null,
        null,
        null,
        1,
        0,
        0,
        0,
        0,
        null,
        null,
        null,
        1,
        null,
        null,
        1,
        1,
        null,
        null,
        null,
        1,
        0,
        null,
        null
      ],
      "/Users/mluukkai/kurssirepot/ratebeer/lib/beermapping_api.rb": [
        1,
        1,
        6,
        10,
        null,
        null,
        1,
        0,
        null,
        null,
        1,
        null,
        1,
        4,
        null,
        4,
        4,
        null,
        4,
        null,
        3,
        3,
        7,
        null,
        null,
        null,
        1,
        4,
        4,
        null,
        null
      ],
      "/Users/mluukkai/kurssirepot/ratebeer/app/models/place.rb": [
        1,
        1,
        null,
        1,
        null,
        1,
        6,
        null,
        null
      ],
      "/Users/mluukkai/kurssirepot/ratebeer/app/controllers/places_controller.rb": [
        1,
        1,
        null,
        null,
        1,
        0,
        null,
        null,
        1,
        3,
        3,
        1,
        null,
        2,
        2,
        null,
        null,
        null
      ],
      "/Users/mluukkai/kurssirepot/ratebeer/app/controllers/ratings_controller.rb": [
        1,
        1,
        1,
        null,
        null,
        1,
        1,
        1,
        null,
        null,
        1,
        1,
        null,
        1,
        0,
        1,
        1,
        1,
        null,
        0,
        0,
        null,
        null,
        null,
        1,
        1,
        1,
        1,
        null,
        null
      ]
    },
    "timestamp": 1423336357
  }
}
