{
  "RSpec": {
    "coverage": {
      "/Users/mluukkai/kurssirepot/WebPalvelinohjelmointi2015/mallivastaukset/viikko4/app/models/rating.rb": [
        1,
        1,
        1,
        null,
        1,
        null,
        null,
        null,
        1,
        0,
        null,
        null
      ],
      "/Users/mluukkai/kurssirepot/WebPalvelinohjelmointi2015/mallivastaukset/viikko4/app/helpers/application_helper.rb": [
        1,
        null
      ],
      "/Users/mluukkai/kurssirepot/WebPalvelinohjelmointi2015/mallivastaukset/viikko4/app/helpers/beer_clubs_helper.rb": [
        1,
        null
      ],
      "/Users/mluukkai/kurssirepot/WebPalvelinohjelmointi2015/mallivastaukset/viikko4/app/helpers/beers_helper.rb": [
        1,
        null
      ],
      "/Users/mluukkai/kurssirepot/WebPalvelinohjelmointi2015/mallivastaukset/viikko4/app/helpers/breweries_helper.rb": [
        1,
        null
      ],
      "/Users/mluukkai/kurssirepot/WebPalvelinohjelmointi2015/mallivastaukset/viikko4/app/helpers/memberships_helper.rb": [
        1,
        null
      ],
      "/Users/mluukkai/kurssirepot/WebPalvelinohjelmointi2015/mallivastaukset/viikko4/app/helpers/users_helper.rb": [
        1,
        null
      ],
      "/Users/mluukkai/kurssirepot/WebPalvelinohjelmointi2015/mallivastaukset/viikko4/app/models/user.rb": [
        1,
        1,
        null,
        1,
        null,
        1,
        1,
        1,
        1,
        null,
        1,
        null,
        null,
        1,
        null,
        1,
        null,
        1,
        3,
        2,
        null,
        null,
        1,
        3,
        6,
        6,
        null,
        null,
        1,
        3,
        6,
        6,
        null,
        null,
        null,
        null,
        1,
        10,
        null,
        null,
        1,
        26,
        12,
        null,
        null,
        1,
        10,
        null,
        null,
        1,
        26,
        12,
        null,
        null
      ],
      "/Users/mluukkai/kurssirepot/WebPalvelinohjelmointi2015/mallivastaukset/viikko4/app/models/concerns/rating_average.rb": [
        1,
        1,
        null,
        1,
        1,
        null,
        null
      ],
      "/Users/mluukkai/kurssirepot/WebPalvelinohjelmointi2015/mallivastaukset/viikko4/app/models/beer.rb": [
        1,
        1,
        null,
        1,
        1,
        1,
        null,
        1,
        1,
        null,
        1,
        0,
        null,
        null
      ],
      "/Users/mluukkai/kurssirepot/WebPalvelinohjelmointi2015/mallivastaukset/viikko4/app/models/brewery.rb": [
        1,
        1,
        null,
        1,
        1,
        8,
        null,
        1,
        1,
        null
      ]
    },
    "timestamp": 1423769719
  }
}
